<?xml version="1.0" encoding="UTF-8"?>
<!-- Generated by org.testng.reporters.JUnitReportReporter -->
<testsuite hostname="DESKTOP-UI8HJNH" failures="0" tests="1" name="org.mavenmain.CheckingMyStoreHomePage" time="6.185" errors="0" timestamp="2021-10-25T13:10:03 IST" skipped="0">
  <testcase classname="org.mavenmain.CheckingMyStoreHomePage" name="checkingHomePage" time="6.185"/>
  <system-out/>
</testsuite> <!-- org.mavenmain.CheckingMyStoreHomePage -->
