<?xml version="1.0" encoding="UTF-8"?>
<!-- Generated by org.testng.reporters.JUnitReportReporter -->
<testsuite hostname="DESKTOP-UI8HJNH" failures="0" tests="1" name="org.mavenmain.OrderingAProduct" time="23.580" errors="0" timestamp="2021-10-25T17:05:00 IST" skipped="0">
  <testcase classname="org.mavenmain.OrderingAProduct" name="orderingAProductTestCase" time="23.580"/>
  <system-out/>
</testsuite> <!-- org.mavenmain.OrderingAProduct -->
