<?xml version="1.0" encoding="UTF-8"?>
<!-- Generated by org.testng.reporters.JUnitReportReporter -->
<testsuite hostname="DESKTOP-UI8HJNH" failures="0" tests="3" name="testNG.DependanciesManagement" time="0.013" errors="0" timestamp="2021-08-13T17:25:25 IST" skipped="0">
  <testcase classname="testNG.DependanciesManagement" name="highSecondarySchool" time="0.004"/>
  <system-out/>
  <testcase classname="testNG.DependanciesManagement" name="highSchool" time="0.007"/>
  <system-out/>
  <testcase classname="testNG.DependanciesManagement" name="engineering" time="0.002"/>
  <system-out/>
</testsuite> <!-- testNG.DependanciesManagement -->
