<?xml version="1.0" encoding="UTF-8"?>
<!-- Generated by org.testng.reporters.JUnitReportReporter -->
<testsuite hostname="DESKTOP-UI8HJNH" failures="0" tests="7" name="com.testng.PrioritySetting" time="0.025" errors="0" timestamp="2021-08-11T17:22:54 IST" skipped="0">
  <testcase classname="com.testng.PrioritySetting" name="drivingACAr" time="0.012"/>
  <system-out/>
  <testcase classname="com.testng.PrioritySetting" name="startTheCar" time="0.002"/>
  <system-out/>
  <testcase classname="com.testng.PrioritySetting" name="putFirstGear" time="0.002"/>
  <system-out/>
  <testcase classname="com.testng.PrioritySetting" name="putSecondGear" time="0.005"/>
  <system-out/>
  <testcase classname="com.testng.PrioritySetting" name="putThirdGear" time="0.001"/>
  <system-out/>
  <testcase classname="com.testng.PrioritySetting" name="putFourthGear" time="0.001"/>
  <system-out/>
  <testcase classname="com.testng.PrioritySetting" name="putReverseGear" time="0.002"/>
  <system-out/>
</testsuite> <!-- com.testng.PrioritySetting -->
