<?xml version="1.0" encoding="UTF-8"?>
<!-- Generated by org.testng.reporters.JUnitReportReporter -->
<testsuite hostname="DESKTOP-UI8HJNH" failures="0" tests="2" name="com.extentreportsframework.ExtentReportFrameWorkExample" time="19.757" errors="0" timestamp="2021-09-12T17:58:37 IST" skipped="0">
  <testcase classname="com.extentreportsframework.ExtentReportFrameWorkExample" name="openFaceBook" time="3.795"/>
  <system-out/>
  <testcase classname="com.extentreportsframework.ExtentReportFrameWorkExample" name="openInstagram" time="15.962"/>
  <system-out/>
</testsuite> <!-- com.extentreportsframework.ExtentReportFrameWorkExample -->
