<?xml version="1.0" encoding="UTF-8"?>
<!-- Generated by org.testng.reporters.JUnitReportReporter -->
<testsuite hostname="DESKTOP-UI8HJNH" failures="0" tests="4" name="testNG.GroupingExample" time="0.020" errors="0" timestamp="2021-08-13T18:03:30 IST" skipped="0">
  <testcase classname="testNG.GroupingExample" name="dell1" time="0.010"/>
  <system-out/>
  <testcase classname="testNG.GroupingExample" name="havlettPackard2" time="0.004"/>
  <system-out/>
  <testcase classname="testNG.GroupingExample" name="havlettPackard1" time="0.002"/>
  <system-out/>
  <testcase classname="testNG.GroupingExample" name="dell2" time="0.004"/>
  <system-out/>
</testsuite> <!-- testNG.GroupingExample -->
