<?xml version="1.0" encoding="UTF-8"?>
<!-- Generated by org.testng.reporters.JUnitReportReporter -->
<testsuite hostname="DESKTOP-UI8HJNH" failures="0" tests="4" name="testNG.SampleTestCase" time="0.005" errors="0" timestamp="2021-08-13T17:25:25 IST" skipped="0">
  <testcase classname="testNG.SampleTestCase" name="firstTestCase" time="0.002"/>
  <system-out/>
  <testcase classname="testNG.SampleTestCase" name="SecondTestCase" time="0.001"/>
  <system-out/>
  <testcase classname="testNG.SampleTestCase" name="ThirdTestCase" time="0.001"/>
  <system-out/>
  <testcase classname="testNG.SampleTestCase" name="fourthTestCase" time="0.001"/>
  <system-out/>
</testsuite> <!-- testNG.SampleTestCase -->
