<?xml version="1.0" encoding="UTF-8"?>
<!-- Generated by org.testng.reporters.JUnitReportReporter -->
<testsuite hostname="DESKTOP-UI8HJNH" failures="0" tests="1" name="com.testingpomwithoutusingannotations.LoginTestcaseWithoutFindByAnnotations" time="9.688" errors="0" timestamp="2021-08-29T16:20:06 IST" skipped="0">
  <testcase classname="com.testingpomwithoutusingannotations.LoginTestcaseWithoutFindByAnnotations" name="loginTestWithoutFindBy" time="9.688"/>
  <system-out/>
</testsuite> <!-- com.testingpomwithoutusingannotations.LoginTestcaseWithoutFindByAnnotations -->
