<?xml version="1.0" encoding="UTF-8"?>
<!-- Generated by org.testng.reporters.JUnitReportReporter -->
<testsuite hostname="DESKTOP-UI8HJNH" failures="0" tests="4" name="org.loginexample.LoginTestCase" time="58.324" errors="0" timestamp="2021-08-17T19:44:50 IST" skipped="0">
  <testcase classname="org.loginexample.LoginTestCase" name="loginWithBothcorrect" time="18.500"/>
  <system-out/>
  <testcase classname="org.loginexample.LoginTestCase" name="loginWithBothcorrect" time="16.740"/>
  <system-out/>
  <testcase classname="org.loginexample.LoginTestCase" name="loginWithBothcorrect" time="14.491"/>
  <system-out/>
  <testcase classname="org.loginexample.LoginTestCase" name="loginWithBothcorrect" time="8.593"/>
  <system-out/>
</testsuite> <!-- org.loginexample.LoginTestCase -->
