<?xml version="1.0" encoding="UTF-8"?>
<!-- Generated by org.testng.reporters.JUnitReportReporter -->
<testsuite hostname="DESKTOP-UI8HJNH" failures="0" tests="1" name="org.loginexample.CorrectUserName" time="8.342" errors="0" timestamp="2021-08-16T20:07:41 IST" skipped="0">
  <testcase classname="org.loginexample.CorrectUserName" name="loginWithcorrectUserName" time="8.342"/>
  <system-out/>
</testsuite> <!-- org.loginexample.CorrectUserName -->
