<?xml version="1.0" encoding="UTF-8"?>
<!-- Generated by org.testng.reporters.JUnitReportReporter -->
<testsuite hostname="DESKTOP-UI8HJNH" failures="0" tests="1" name="org.loginexample.CorrectPassword" time="8.112" errors="0" timestamp="2021-08-16T20:07:41 IST" skipped="0">
  <testcase classname="org.loginexample.CorrectPassword" name="loginWithcorrectPassword" time="8.112"/>
  <system-out/>
</testsuite> <!-- org.loginexample.CorrectPassword -->
