<?xml version="1.0" encoding="UTF-8"?>
<!-- Generated by org.testng.reporters.JUnitReportReporter -->
<testsuite hostname="DESKTOP-UI8HJNH" failures="0" tests="1" name="org.loginexample.BothIncorrect" time="7.719" errors="0" timestamp="2021-08-16T20:07:41 IST" skipped="0">
  <testcase classname="org.loginexample.BothIncorrect" name="loginWithBothIncorrect" time="7.719"/>
  <system-out/>
</testsuite> <!-- org.loginexample.BothIncorrect -->
