<?xml version="1.0" encoding="UTF-8"?>
<!-- Generated by org.testng.reporters.JUnitReportReporter -->
<testsuite hostname="DESKTOP-UI8HJNH" failures="0" tests="3" name="com.testng.WritingATestSuite" time="9.406" errors="0" timestamp="2021-08-12T16:44:14 IST" skipped="0">
  <testcase classname="com.testng.WritingATestSuite" name="openYahoo" time="6.100"/>
  <system-out/>
  <testcase classname="com.testng.WritingATestSuite" name="openBing" time="1.240"/>
  <system-out/>
  <testcase classname="com.testng.WritingATestSuite" name="openGoogle" time="2.066"/>
  <system-out/>
</testsuite> <!-- com.testng.WritingATestSuite -->
