<?xml version="1.0" encoding="UTF-8"?>
<!-- Generated by org.testng.reporters.JUnitReportReporter -->
<testsuite hostname="DESKTOP-UI8HJNH" failures="0" tests="4" name="com.testng.SampleTestCase" time="0.016" errors="0" timestamp="2021-08-11T13:24:17 IST" skipped="0">
  <testcase classname="com.testng.SampleTestCase" name="firstTestCase" time="0.011"/>
  <system-out/>
  <testcase classname="com.testng.SampleTestCase" name="SecondTestCase" time="0.002"/>
  <system-out/>
  <testcase classname="com.testng.SampleTestCase" name="ThirdTestCase" time="0.002"/>
  <system-out/>
  <testcase classname="com.testng.SampleTestCase" name="fourthTestCase" time="0.001"/>
  <system-out/>
</testsuite> <!-- com.testng.SampleTestCase -->
