<?xml version="1.0" encoding="UTF-8"?>
<!-- Generated by org.testng.reporters.JUnitReportReporter -->
<testsuite hostname="DESKTOP-UI8HJNH" failures="0" tests="3" name="testNG.WritingATestSuite" time="13.564" errors="0" timestamp="2021-08-13T17:25:25 IST" skipped="0">
  <testcase classname="testNG.WritingATestSuite" name="openGoogle" time="3.020"/>
  <system-out/>
  <testcase classname="testNG.WritingATestSuite" name="openYahoo" time="8.897"/>
  <system-out/>
  <testcase classname="testNG.WritingATestSuite" name="openBing" time="1.647"/>
  <system-out/>
</testsuite> <!-- testNG.WritingATestSuite -->
