<?xml version="1.0" encoding="UTF-8"?>
<!-- Generated by org.testng.reporters.JUnitReportReporter -->
<testsuite hostname="DESKTOP-UI8HJNH" failures="0" tests="3" name="com.extentreportsframework.ExtentReportFrameWork" time="6.647" errors="0" timestamp="2021-09-10T12:49:17 IST" skipped="0">
  <testcase classname="com.extentreportsframework.ExtentReportFrameWork" name="openWikipedia" time="1.470"/>
  <system-out/>
  <testcase classname="com.extentreportsframework.ExtentReportFrameWork" name="openBing" time="1.800"/>
  <system-out/>
  <testcase classname="com.extentreportsframework.ExtentReportFrameWork" name="openGoogle" time="3.377"/>
  <system-out/>
</testsuite> <!-- com.extentreportsframework.ExtentReportFrameWork -->
