<?xml version="1.0" encoding="UTF-8"?>
<!-- Generated by org.testng.reporters.JUnitReportReporter -->
<testsuite hostname="DESKTOP-UI8HJNH" failures="0" tests="1" name="testNG.AnnotationsHierarchyExample" time="0.007" errors="0" timestamp="2021-10-18T20:18:48 IST" skipped="0">
  <testcase classname="testNG.AnnotationsHierarchyExample" name="test" time="0.007"/>
  <system-out/>
</testsuite> <!-- testNG.AnnotationsHierarchyExample -->
