<?xml version="1.0" encoding="UTF-8"?>
<!-- Generated by org.testng.reporters.JUnitReportReporter -->
<testsuite hostname="DESKTOP-UI8HJNH" failures="0" tests="3" name="com.testng.DependanciesManagement" time="0.014" errors="0" timestamp="2021-08-11T17:53:34 IST" skipped="0">
  <testcase classname="com.testng.DependanciesManagement" name="engineering" time="0.001"/>
  <system-out/>
  <testcase classname="com.testng.DependanciesManagement" name="highSchool" time="0.011"/>
  <system-out/>
  <testcase classname="com.testng.DependanciesManagement" name="highSecondarySchool" time="0.002"/>
  <system-out/>
</testsuite> <!-- com.testng.DependanciesManagement -->
