<?xml version="1.0" encoding="UTF-8"?>
<!-- Generated by org.testng.reporters.JUnitReportReporter -->
<testsuite hostname="DESKTOP-UI8HJNH" failures="0" tests="2" name="testNG.ParallelExecution" time="37.770" errors="0" timestamp="2021-08-14T16:57:56 IST" skipped="0">
  <testcase classname="testNG.ParallelExecution" name="openBing" time="19.504"/>
  <system-out/>
  <testcase classname="testNG.ParallelExecution" name="openGoogle" time="18.266"/>
  <system-out/>
</testsuite> <!-- testNG.ParallelExecution -->
