<?xml version="1.0" encoding="UTF-8"?>
<!-- Generated by org.testng.reporters.JUnitReportReporter -->
<testsuite hostname="DESKTOP-UI8HJNH" failures="0" tests="7" name="testNG.PrioritySetting" time="0.014" errors="0" timestamp="2021-08-13T17:25:25 IST" skipped="0">
  <testcase classname="testNG.PrioritySetting" name="drivingACAr" time="0.001"/>
  <system-out/>
  <testcase classname="testNG.PrioritySetting" name="startTheCar" time="0.002"/>
  <system-out/>
  <testcase classname="testNG.PrioritySetting" name="putFirstGear" time="0.004"/>
  <system-out/>
  <testcase classname="testNG.PrioritySetting" name="putSecondGear" time="0.001"/>
  <system-out/>
  <testcase classname="testNG.PrioritySetting" name="putThirdGear" time="0.001"/>
  <system-out/>
  <testcase classname="testNG.PrioritySetting" name="putFourthGear" time="0.003"/>
  <system-out/>
  <testcase classname="testNG.PrioritySetting" name="putReverseGear" time="0.002"/>
  <system-out/>
</testsuite> <!-- testNG.PrioritySetting -->
